\BOOKMARK [0][-]{chapter.1}{Estimation of rare allele age}{}% 1
\BOOKMARK [1][-]{section.1.1}{Introduction}{chapter.1}% 2
\BOOKMARK [1][-]{section.1.2}{Approach}{chapter.1}% 3
\BOOKMARK [2][-]{subsection.1.2.1}{Coalescent time estimators}{section.1.2}% 4
\BOOKMARK [2][-]{subsection.1.2.2}{Inference of allele age from coalescent time posteriors}{section.1.2}% 5
\BOOKMARK [2][-]{subsection.1.2.3}{Allele age estimation given complete knowledge of the shared haplotype structure}{section.1.2}% 6
\BOOKMARK [2][-]{subsection.1.2.4}{Validation of the method under different thresholds}{section.1.2}% 7
\BOOKMARK [2][-]{subsection.1.2.5}{Inference of IBD around shared and unshared alleles}{section.1.2}% 8
\BOOKMARK [1][-]{section.1.3}{Evaluation}{chapter.1}% 9
\BOOKMARK [2][-]{subsection.1.3.1}{Data generation}{section.1.3}% 10
\BOOKMARK [2][-]{subsection.1.3.2}{Accuracy analysis}{section.1.3}% 11
\BOOKMARK [1][-]{section.1.4}{Results}{chapter.1}% 12
\BOOKMARK [2][-]{subsection.1.4.1}{Comparison of IBD detection methods}{section.1.4}% 13
\BOOKMARK [2][-]{subsection.1.4.2}{Impact of genotype error on allele age estimation}{section.1.4}% 14
\BOOKMARK [1][-]{section.1.5}{Discussion}{chapter.1}% 15
\BOOKMARK [1][-]{section.1.6}{A haplotype-based HMM for shared haplotype inference}{chapter.1}% 16
\BOOKMARK [2][-]{subsection.1.6.1}{Description of the model}{section.1.6}% 17
\BOOKMARK [2][-]{subsection.1.6.2}{Impact of error on allele age estimation}{section.1.6}% 18
\BOOKMARK [2][-]{subsection.1.6.3}{Comparison to the Pairwise Sequentially Markovian Coalescent \(PSMC\)}{section.1.6}% 19
\BOOKMARK [2][-]{subsection.1.6.4}{Allele age estimation in 1000 Genomes}{section.1.6}% 20
\BOOKMARK [1][-]{section.1.7}{Discussion}{chapter.1}% 21
\BOOKMARK [0][-]{section*.29}{Abbreviations}{}% 22
\BOOKMARK [0][-]{chapter*.31}{Bibliography}{}% 23
